/usr/share/maven-repo/org/gnu/gettext/libintl/debian/abcd_210423 04/21/23 14:59:28
/usr/share/maven-repo/org/gnu/gettext/libintl/debian/abcd_210423/absd_210423.asd 04/21/23 14:59:28 50M
/usr/share/maven-repo/org/gnu/gettext/libintl/debian/abcd_210423/aabsd_210423.asd 04/21/23 14:59:28 50M
/usr/share/maven-repo/org/gnu/gettext/libintl/debian/abcd_210423/abbsd_210423.asd 04/21/23 14:59:28 50M
/usr/share/maven-repo/org/gnu/gettext/libintl/debian/abcd_210423/abssd_210423.asd 04/21/23 14:59:28 50M
/usr/share/maven-repo/org/gnu/gettext/libintl/debian/aabcd_210423 04/21/23 14:59:28
/usr/share/maven-repo/org/gnu/gettext/libintl/debian/aabcd_210423/absd_210423.asd 04/21/23 14:59:28 50M
/usr/share/maven-repo/org/gnu/gettext/libintl/debian/aabcd_210423/aabsd_210423.asd 04/21/23 14:59:28 50M
/usr/share/maven-repo/org/gnu/gettext/libintl/debian/aabcd_210423/abbsd_210423.asd 04/21/23 14:59:28 50M
/usr/share/maven-repo/org/gnu/gettext/libintl/debian/aabcd_210423/abssd_210423.asd 04/21/23 14:59:28 50M
/usr/share/maven-repo/org/gnu/gettext/libintl/debian/aabcd_210423/absdd_210423.asd 04/21/23 14:59:28 50M
/usr/share/maven-repo/org/gnu/gettext/libintl/debian/aabcd_210423/aaabsd_210423.asd 04/21/23 14:59:28 50M
/usr/share/maven-repo/org/gnu/gettext/libintl/debian/aabcd_210423/abbbsd_210423.asd 04/21/23 14:59:28 50M
/usr/share/maven-repo/org/gnu/gettext/libintl/debian/aabcd_210423/absssd_210423.asd 04/21/23 14:59:28 50M
/usr/share/maven-repo/org/gnu/gettext/libintl/debian/aabcd_210423/absddd_210423.asd 04/21/23 14:59:28 50M
/usr/share/maven-repo/org/gnu/gettext/libintl/debian/aaabcd_210423 04/21/23 14:59:28
/usr/share/maven-repo/org/gnu/gettext/libintl/debian/aaabcd_210423/absd_210423.asd 04/21/23 14:59:28 50M
/usr/share/maven-repo/org/gnu/gettext/libintl/debian/aaabcd_210423/aabsd_210423.asd 04/21/23 14:59:28 50M
/usr/share/maven-repo/org/gnu/gettext/libintl/debian/aaabcd_210423/abbsd_210423.asd 04/21/23 14:59:28 50M
/usr/share/maven-repo/org/gnu/gettext/libintl/debian/aaabcd_210423/abssd_210423.asd 04/21/23 14:59:28 50M
/usr/share/maven-repo/org/gnu/gettext/libintl/debian/aaabcd_210423/absdd_210423.asd 04/21/23 14:59:28 50M
/usr/share/maven-repo/org/gnu/gettext/libintl/debian/aaabcd_210423/aaabsd_210423.asd 04/21/23 14:59:28 50M
/usr/share/maven-repo/org/gnu/gettext/libintl/debian/aaabcd_210423/abbbsd_210423.asd 04/21/23 14:59:28 50M
/usr/share/maven-repo/org/gnu/gettext/libintl/debian/aaabcd_210423/absssd_210423.asd 04/21/23 14:59:28 50M
/usr/share/maven-repo/org/gnu/gettext/libintl/debian/aaabcd_210423/absddd_210423.asd 04/21/23 14:59:28 50M
/usr/share/maven-repo/org/gnu/gettext/libintl/debian/aaabcd_210423/aaaabsd_210423.asd 04/21/23 14:59:28 50M
/usr/share/maven-repo/org/gnu/gettext/libintl/debian/abbbcd_210423 04/21/23 14:59:28
/usr/share/maven-repo/org/gnu/gettext/libintl/debian/abbbcd_210423/absd_210423.asd 04/21/23 14:59:28 50M
/usr/share/maven-repo/org/gnu/gettext/libintl/debian/abbbcd_210423/aabsd_210423.asd 04/21/23 14:59:29 50M
/usr/share/maven-repo/org/gnu/gettext/libintl/debian/abbbcd_210423/abbsd_210423.asd 04/21/23 14:59:29 50M
/usr/share/maven-repo/org/gnu/gettext/libintl/debian/abcccd_210423 04/21/23 14:59:29
/usr/share/maven-repo/org/gnu/gettext/libintl/debian/abcccd_210423/absd_210423.asd 04/21/23 14:59:29 50M
/usr/share/maven-repo/org/gnu/gettext/libintl/debian/abcccd_210423/aabsd_210423.asd 04/21/23 14:59:29 50M
/usr/share/maven-repo/org/gnu/gettext/libintl/debian/abcccd_210423/abbsd_210423.asd 04/21/23 14:59:29 50M
/usr/share/maven-repo/org/gnu/gettext/libintl/debian/abcccd_210423/abssd_210423.asd 04/21/23 14:59:29 50M
/usr/share/maven-repo/org/gnu/gettext/libintl/debian/abcccd_210423/absdd_210423.asd 04/21/23 14:59:29 50M
/usr/share/maven-repo/org/gnu/gettext/libintl/debian/abcccd_210423/aaabsd_210423.asd 04/21/23 14:59:29 50M
/usr/share/maven-repo/org/gnu/gettext/libintl/debian/abcccd_210423/abbbsd_210423.asd 04/21/23 14:59:29 50M
/usr/share/maven-repo/org/gnu/gettext/libintl/debian/abcccd_210423/absssd_210423.asd 04/21/23 14:59:29 50M
/usr/share/maven-repo/org/gnu/gettext/libintl/debian/abcddd_210423 04/21/23 14:59:29
/usr/share/maven-repo/org/gnu/gettext/libintl/debian/abcddd_210423/absd_210423.asd 04/21/23 14:59:29 50M
/usr/share/maven-repo/org/gnu/gettext/libintl/debian/abcddd_210423/aabsd_210423.asd 04/21/23 14:59:29 50M
/usr/share/maven-repo/org/gnu/gettext/libintl/debian/abcddd_210423/abbsd_210423.asd 04/21/23 14:59:29 50M
/usr/share/maven-repo/org/gnu/gettext/libintl/debian/abcddd_210423/abssd_210423.asd 04/21/23 14:59:29 50M
/usr/share/maven-repo/org/gnu/gettext/libintl/debian/abcddd_210423/absdd_210423.asd 04/21/23 14:59:29 50M
/usr/share/maven-repo/org/gnu/gettext/libintl/debian/aaaabcd_210423 04/21/23 14:59:29
/usr/share/maven-repo/org/gnu/gettext/libintl/debian/aaaabcd_210423/absd_210423.asd 04/21/23 14:59:29 50M
/usr/share/maven-repo/org/gnu/gettext/libintl/debian/aaaabcd_210423/aabsd_210423.asd 04/21/23 14:59:29 50M
/usr/share/maven-repo/org/gnu/gettext/libintl/debian/aaaabcd_210423/abbsd_210423.asd 04/21/23 14:59:29 50M
/usr/share/maven-repo/org/gnu/gettext/libintl/debian/aaaabcd_210423/abssd_210423.asd 04/21/23 14:59:29 50M
/usr/share/maven-repo/org/gnu/gettext/libintl/debian/aaaabcd_210423/absdd_210423.asd 04/21/23 14:59:29 50M
/usr/share/maven-repo/org/gnu/gettext/libintl/debian/aaaaabcd_210423 04/21/23 14:59:29
/usr/share/maven-repo/org/gnu/gettext/libintl/debian/aaaaabcd_210423/absd_210423.asd 04/21/23 14:59:29 50M
/usr/share/maven-repo/org/gnu/gettext/libintl/debian/aaaaabcd_210423/aabsd_210423.asd 04/21/23 14:59:29 50M
/usr/share/maven-repo/org/gnu/gettext/libintl/debian/aaaaabcd_210423/abbsd_210423.asd 04/21/23 14:59:29 50M
/usr/share/maven-repo/org/gnu/gettext/libintl/debian/aaaaabcd_210423/abssd_210423.asd 04/21/23 14:59:29 50M
/usr/share/maven-repo/org/gnu/gettext/libintl/debian/aaaaabcd_210423/absdd_210423.asd 04/21/23 14:59:29 50M
/usr/share/maven-repo/org/gnu/gettext/libintl/debian/aaaaabcd_210423/aaabsd_210423.asd 04/21/23 14:59:29 50M
/usr/share/maven-repo/org/gnu/gettext/libintl/debian/aaaaabcd_210423/abbbsd_210423.asd 04/21/23 14:59:29 50M
/usr/share/maven-repo/org/gnu/gettext/libintl/debian/abcccccd_210423 04/21/23 14:59:29
/usr/share/maven-repo/org/gnu/gettext/libintl/debian/abcccccd_210423/absd_210423.asd 04/21/23 14:59:29 50M
/usr/share/maven-repo/org/gnu/gettext/libintl/debian/abcccccd_210423/aabsd_210423.asd 04/21/23 14:59:29 50M
/usr/share/maven-repo/org/gnu/gettext/libintl/debian/abbbbbcd_210423 04/21/23 14:59:29
/usr/share/maven-repo/org/gnu/gettext/libintl/debian/abbbbbcd_210423/absd_210423.asd 04/21/23 14:59:29 50M
/usr/src/linux-headers-5.15.0-70/drivers/media/pci/mantis/abcd_210423 04/21/23 14:59:47
/usr/src/linux-headers-5.15.0-70/drivers/media/pci/mantis/abcd_210423/absd_210423.asd 04/21/23 14:59:47 50M
/usr/lib/python3/dist-packages/jeepney/tests/abcd_210423 04/21/23 15:01:14
/usr/lib/python3/dist-packages/jeepney/tests/abcd_210423/absd_210423.asd 04/21/23 15:01:14 50M
